<?xml version="1.0" encoding="UTF-8"?>
<!-- Generated by org.testng.reporters.JUnitReportReporter -->
<testsuite hostname="DESKTOP-HB9OCR4" failures="0" tests="3" name="com.w2a.testcases.AddCustomerPageTest" time="1.203" errors="0" timestamp="2020-12-21T21:26:52 IST" skipped="0">
  <testcase classname="com.w2a.testcases.AddCustomerPageTest" name="validateCustomerAddedTest" time="0.616"/>
  <system-out/>
  <testcase classname="com.w2a.testcases.AddCustomerPageTest" name="validateAddCustPageTest" time="0.206"/>
  <system-out>
validateAddCustPageTest Pass  </system-out>
  <testcase classname="com.w2a.testcases.AddCustomerPageTest" name="validateCustomerAddedTest" time="0.381"/>
  <system-out/>
</testsuite> <!-- com.w2a.testcases.AddCustomerPageTest -->
