<?xml version="1.0" encoding="UTF-8"?>
<!-- Generated by org.testng.reporters.JUnitReportReporter -->
<testsuite hostname="DESKTOP-HB9OCR4" failures="0" tests="1" name="com.w2a.testcases.BankManagerPageTest" time="8.386" errors="0" timestamp="2020-12-21T21:00:25 IST" skipped="0">
  <testcase classname="com.w2a.testcases.BankManagerPageTest" name="validateBankManagerPageUrl" time="8.386"/>
  <system-out/>
</testsuite> <!-- com.w2a.testcases.BankManagerPageTest -->
